<?xml version="1.0" encoding="UTF-8"?>
<testng-results total="1" passed="0" failed="0" skipped="1">
  <reporter-output>
  </reporter-output>
  <suite started-at="2020-09-12T06:54:25Z" name="Default suite" finished-at="2020-09-12T06:54:25Z" duration-ms="49">
    <groups>
    </groups>
    <test started-at="2020-09-12T06:54:25Z" name="Default test" finished-at="2020-09-12T06:54:25Z" duration-ms="49">
      <class name="com.goibibo.testScripts.TC001">
        <test-method is-config="true" signature="setup()[pri:0, instance:com.goibibo.testScripts.TC001@1ea9f6af]" started-at="2020-09-12T12:24:25Z" name="setup" finished-at="2020-09-12T12:24:25Z" duration-ms="0" status="FAIL">
          <exception class="java.lang.Exception">
            <message>
              <![CDATA[invalidBrowserName]]>
            </message>
            <full-stacktrace>
              <![CDATA[java.lang.Exception: invalidBrowserName
	at com.goibibo.utilities.BrowserObjects.get(BrowserObjects.java:23)
	at com.goibibo.testScripts.TC001.setup(TC001.java:24)
	at java.base/jdk.internal.reflect.NativeMethodAccessorImpl.invoke0(Native Method)
	at java.base/jdk.internal.reflect.NativeMethodAccessorImpl.invoke(NativeMethodAccessorImpl.java:62)
	at java.base/jdk.internal.reflect.DelegatingMethodAccessorImpl.invoke(DelegatingMethodAccessorImpl.java:43)
	at java.base/java.lang.reflect.Method.invoke(Method.java:564)
	at org.testng.internal.MethodInvocationHelper.invokeMethod(MethodInvocationHelper.java:86)
	at org.testng.internal.Invoker.invokeConfigurationMethod(Invoker.java:514)
	at org.testng.internal.Invoker.invokeConfigurations(Invoker.java:215)
	at org.testng.internal.Invoker.invokeMethod(Invoker.java:589)
	at org.testng.internal.Invoker.invokeTestMethod(Invoker.java:822)
	at org.testng.internal.Invoker.invokeTestMethods(Invoker.java:1130)
	at org.testng.internal.TestMethodWorker.invokeTestMethods(TestMethodWorker.java:129)
	at org.testng.internal.TestMethodWorker.run(TestMethodWorker.java:112)
	at org.testng.TestRunner.privateRun(TestRunner.java:782)
	at org.testng.TestRunner.run(TestRunner.java:632)
	at org.testng.SuiteRunner.runTest(SuiteRunner.java:366)
	at org.testng.SuiteRunner.runSequentially(SuiteRunner.java:361)
	at org.testng.SuiteRunner.privateRun(SuiteRunner.java:319)
	at org.testng.SuiteRunner.run(SuiteRunner.java:268)
	at org.testng.SuiteRunnerWorker.runSuite(SuiteRunnerWorker.java:52)
	at org.testng.SuiteRunnerWorker.run(SuiteRunnerWorker.java:86)
	at org.testng.TestNG.runSuitesSequentially(TestNG.java:1244)
	at org.testng.TestNG.runSuitesLocally(TestNG.java:1169)
	at org.testng.TestNG.run(TestNG.java:1064)
	at org.testng.remote.RemoteTestNG.run(RemoteTestNG.java:113)
	at org.testng.remote.RemoteTestNG.initAndRun(RemoteTestNG.java:206)
	at org.testng.remote.RemoteTestNG.main(RemoteTestNG.java:177)
]]>
            </full-stacktrace>
          </exception> <!-- java.lang.Exception -->
          <reporter-output>
          </reporter-output>
        </test-method> <!-- setup -->
        <test-method signature="defaultPageIsFlightSearch()[pri:0, instance:com.goibibo.testScripts.TC001@1ea9f6af]" started-at="2020-09-12T12:24:25Z" name="defaultPageIsFlightSearch" finished-at="2020-09-12T12:24:25Z" duration-ms="1" status="SKIP">
          <reporter-output>
          </reporter-output>
        </test-method> <!-- defaultPageIsFlightSearch -->
        <test-method is-config="true" signature="tearDown()[pri:0, instance:com.goibibo.testScripts.TC001@1ea9f6af]" started-at="2020-09-12T12:24:25Z" name="tearDown" finished-at="2020-09-12T12:24:25Z" duration-ms="0" status="SKIP">
          <reporter-output>
          </reporter-output>
        </test-method> <!-- tearDown -->
      </class> <!-- com.goibibo.testScripts.TC001 -->
    </test> <!-- Default test -->
  </suite> <!-- Default suite -->
</testng-results>
